  main.cpp
c:\users\asuart\source\repos\dendy\dendy\memory.h(29): warning C4309: инициализация: усечение константного значения
c:\users\asuart\source\repos\dendy\dendy\memory.h(39): warning C4244: инициализация: преобразование "std::streamoff" в "int", возможна потеря данных
c:\users\asuart\source\repos\dendy\dendy\memory.h(62): warning C4309: =: усечение константного значения
c:\users\asuart\source\repos\dendy\dendy\opcodes.h(42): warning C4244: =: преобразование "unsigned short" в "unsigned char", возможна потеря данных
c:\users\asuart\source\repos\dendy\dendy\opcodes.h(222): warning C4309: return: усечение константного значения
c:\users\asuart\source\repos\dendy\dendy\opcodes.h(273): warning C4244: =: преобразование "unsigned short" в "unsigned char", возможна потеря данных
c:\users\asuart\source\repos\dendy\dendy\opcodes.h(511): warning C4244: аргумент: преобразование "unsigned short" в "char", возможна потеря данных
c:\users\asuart\source\repos\dendy\dendy\opcodes.h(617): warning C4244: =: преобразование "unsigned short" в "unsigned char", возможна потеря данных
c:\users\asuart\source\repos\dendy\dendy\opcodes.h(627): warning C4244: аргумент: преобразование "unsigned short" в "char", возможна потеря данных
c:\users\asuart\source\repos\dendy\dendy\opcodes.h(634): warning C4244: аргумент: преобразование "unsigned short" в "char", возможна потеря данных
c:\users\asuart\source\repos\dendy\dendy\opcodes.h(677): warning C4244: =: преобразование "unsigned short" в "unsigned char", возможна потеря данных
c:\users\asuart\source\repos\dendy\dendy\opcodes.h(731): warning C4309: аргумент: усечение константного значения
c:\users\asuart\source\repos\dendy\dendy\opcodes.h(732): warning C4309: аргумент: усечение константного значения
c:\users\asuart\source\repos\dendy\dendy\opcodes.h(733): warning C4309: аргумент: усечение константного значения
c:\users\asuart\source\repos\dendy\dendy\opcodes.h(734): warning C4309: аргумент: усечение константного значения
c:\users\asuart\source\repos\dendy\dendy\opcodes.h(735): warning C4309: аргумент: усечение константного значения
c:\users\asuart\source\repos\dendy\dendy\opcodes.h(736): warning C4309: аргумент: усечение константного значения
c:\users\asuart\source\repos\dendy\dendy\opcodes.h(737): warning C4309: аргумент: усечение константного значения
c:\users\asuart\source\repos\dendy\dendy\opcodes.h(740): warning C4309: аргумент: усечение константного значения
c:\users\asuart\source\repos\dendy\dendy\opcodes.h(741): warning C4309: аргумент: усечение константного значения
c:\users\asuart\source\repos\dendy\dendy\opcodes.h(742): warning C4309: аргумент: усечение константного значения
c:\users\asuart\source\repos\dendy\dendy\opcodes.h(743): warning C4309: аргумент: усечение константного значения
c:\users\asuart\source\repos\dendy\dendy\opcodes.h(746): warning C4309: аргумент: усечение константного значения
c:\users\asuart\source\repos\dendy\dendy\opcodes.h(747): warning C4309: аргумент: усечение константного значения
c:\users\asuart\source\repos\dendy\dendy\opcodes.h(748): warning C4309: аргумент: усечение константного значения
c:\users\asuart\source\repos\dendy\dendy\opcodes.h(749): warning C4309: аргумент: усечение константного значения
c:\users\asuart\source\repos\dendy\dendy\opcodes.h(750): warning C4309: аргумент: усечение константного значения
c:\users\asuart\source\repos\dendy\dendy\opcodes.h(751): warning C4309: аргумент: усечение константного значения
c:\users\asuart\source\repos\dendy\dendy\opcodes.h(752): warning C4309: аргумент: усечение константного значения
c:\users\asuart\source\repos\dendy\dendy\opcodes.h(753): warning C4309: аргумент: усечение константного значения
c:\users\asuart\source\repos\dendy\dendy\opcodes.h(754): warning C4309: аргумент: усечение константного значения
c:\users\asuart\source\repos\dendy\dendy\opcodes.h(755): warning C4309: аргумент: усечение константного значения
c:\users\asuart\source\repos\dendy\dendy\opcodes.h(756): warning C4309: аргумент: усечение константного значения
c:\users\asuart\source\repos\dendy\dendy\opcodes.h(757): warning C4309: аргумент: усечение константного значения
c:\users\asuart\source\repos\dendy\dendy\opcodes.h(758): warning C4309: аргумент: усечение константного значения
c:\users\asuart\source\repos\dendy\dendy\opcodes.h(759): warning C4309: аргумент: усечение константного значения
c:\users\asuart\source\repos\dendy\dendy\opcodes.h(760): warning C4309: аргумент: усечение константного значения
c:\users\asuart\source\repos\dendy\dendy\opcodes.h(761): warning C4309: аргумент: усечение константного значения
c:\users\asuart\source\repos\dendy\dendy\opcodes.h(762): warning C4309: аргумент: усечение константного значения
c:\users\asuart\source\repos\dendy\dendy\opcodes.h(763): warning C4309: аргумент: усечение константного значения
c:\users\asuart\source\repos\dendy\dendy\opcodes.h(772): warning C4309: аргумент: усечение константного значения
c:\users\asuart\source\repos\dendy\dendy\opcodes.h(773): warning C4309: аргумент: усечение константного значения
c:\users\asuart\source\repos\dendy\dendy\opcodes.h(774): warning C4309: аргумент: усечение константного значения
c:\users\asuart\source\repos\dendy\dendy\opcodes.h(775): warning C4309: аргумент: усечение константного значения
c:\users\asuart\source\repos\dendy\dendy\opcodes.h(776): warning C4309: аргумент: усечение константного значения
c:\users\asuart\source\repos\dendy\dendy\opcodes.h(777): warning C4309: аргумент: усечение константного значения
c:\users\asuart\source\repos\dendy\dendy\opcodes.h(778): warning C4309: аргумент: усечение константного значения
c:\users\asuart\source\repos\dendy\dendy\opcodes.h(779): warning C4309: аргумент: усечение константного значения
c:\users\asuart\source\repos\dendy\dendy\opcodes.h(780): warning C4309: аргумент: усечение константного значения
c:\users\asuart\source\repos\dendy\dendy\opcodes.h(781): warning C4309: аргумент: усечение константного значения
c:\users\asuart\source\repos\dendy\dendy\opcodes.h(782): warning C4309: аргумент: усечение константного значения
c:\users\asuart\source\repos\dendy\dendy\opcodes.h(787): warning C4309: аргумент: усечение константного значения
c:\users\asuart\source\repos\dendy\dendy\opcodes.h(788): warning C4309: аргумент: усечение константного значения
c:\users\asuart\source\repos\dendy\dendy\opcodes.h(803): warning C4309: аргумент: усечение константного значения
c:\users\asuart\source\repos\dendy\dendy\opcodes.h(818): warning C4309: аргумент: усечение константного значения
c:\users\asuart\source\repos\dendy\dendy\opcodes.h(819): warning C4309: аргумент: усечение константного значения
c:\users\asuart\source\repos\dendy\dendy\opcodes.h(825): warning C4309: аргумент: усечение константного значения
c:\users\asuart\source\repos\dendy\dendy\opcodes.h(826): warning C4309: аргумент: усечение константного значения
c:\users\asuart\source\repos\dendy\dendy\opcodes.h(827): warning C4309: аргумент: усечение константного значения
c:\users\asuart\source\repos\dendy\dendy\opcodes.h(828): warning C4309: аргумент: усечение константного значения
c:\users\asuart\source\repos\dendy\dendy\opcodes.h(854): warning C4309: аргумент: усечение константного значения
c:\users\asuart\source\repos\dendy\dendy\opcodes.h(855): warning C4309: аргумент: усечение константного значения
c:\users\asuart\source\repos\dendy\dendy\opcodes.h(856): warning C4309: аргумент: усечение константного значения
c:\users\asuart\source\repos\dendy\dendy\opcodes.h(860): warning C4309: аргумент: усечение константного значения
c:\users\asuart\source\repos\dendy\dendy\opcodes.h(866): warning C4309: аргумент: усечение константного значения
c:\users\asuart\source\repos\dendy\dendy\opcodes.h(868): warning C4309: аргумент: усечение константного значения
c:\users\asuart\source\repos\dendy\dendy\opcodes.h(869): warning C4309: аргумент: усечение константного значения
c:\users\asuart\source\repos\dendy\dendy\opcodes.h(870): warning C4309: аргумент: усечение константного значения
c:\users\asuart\source\repos\dendy\dendy\opcodes.h(871): warning C4309: аргумент: усечение константного значения
c:\users\asuart\source\repos\dendy\dendy\opcodes.h(872): warning C4309: аргумент: усечение константного значения
c:\users\asuart\source\repos\dendy\dendy\opcodes.h(873): warning C4309: аргумент: усечение константного значения
c:\users\asuart\source\repos\dendy\dendy\opcodes.h(874): warning C4309: аргумент: усечение константного значения
c:\users\asuart\source\repos\dendy\dendy\opcodes.h(875): warning C4309: аргумент: усечение константного значения
c:\users\asuart\source\repos\dendy\dendy\opcodes.h(876): warning C4309: аргумент: усечение константного значения
c:\users\asuart\source\repos\dendy\dendy\opcodes.h(877): warning C4309: аргумент: усечение константного значения
c:\users\asuart\source\repos\dendy\dendy\opcodes.h(878): warning C4309: аргумент: усечение константного значения
c:\users\asuart\source\repos\dendy\dendy\opcodes.h(879): warning C4309: аргумент: усечение константного значения
c:\users\asuart\source\repos\dendy\dendy\opcodes.h(880): warning C4309: аргумент: усечение константного значения
c:\users\asuart\source\repos\dendy\dendy\opcodes.h(881): warning C4309: аргумент: усечение константного значения
c:\users\asuart\source\repos\dendy\dendy\opcodes.h(882): warning C4309: аргумент: усечение константного значения
c:\users\asuart\source\repos\dendy\dendy\opcodes.h(883): warning C4309: аргумент: усечение константного значения
c:\users\asuart\source\repos\dendy\dendy\opcodes.h(884): warning C4309: аргумент: усечение константного значения
c:\users\asuart\source\repos\dendy\dendy\opcodes.h(885): warning C4309: аргумент: усечение константного значения
c:\users\asuart\source\repos\dendy\dendy\opcodes.h(886): warning C4309: аргумент: усечение константного значения
c:\users\asuart\source\repos\dendy\dendy\opcodes.h(887): warning C4309: аргумент: усечение константного значения
c:\users\asuart\source\repos\dendy\dendy\opcodes.h(888): warning C4309: аргумент: усечение константного значения
c:\users\asuart\source\repos\dendy\dendy\opcodes.h(897): warning C4309: аргумент: усечение константного значения
c:\users\asuart\source\repos\dendy\dendy\opcodes.h(898): warning C4309: аргумент: усечение константного значения
c:\users\asuart\source\repos\dendy\dendy\opcodes.h(899): warning C4309: аргумент: усечение константного значения
c:\users\asuart\source\repos\dendy\dendy\opcodes.h(900): warning C4309: аргумент: усечение константного значения
c:\users\asuart\source\repos\dendy\dendy\opcodes.h(901): warning C4309: аргумент: усечение константного значения
c:\users\asuart\source\repos\dendy\dendy\opcodes.h(902): warning C4309: аргумент: усечение константного значения
c:\users\asuart\source\repos\dendy\dendy\opcodes.h(906): warning C4309: аргумент: усечение константного значения
c:\users\asuart\source\repos\dendy\dendy\opcodes.h(907): warning C4309: аргумент: усечение константного значения
c:\users\asuart\source\repos\dendy\dendy\opcodes.h(908): warning C4309: аргумент: усечение константного значения
c:\users\asuart\source\repos\dendy\dendy\opcodes.h(909): warning C4309: аргумент: усечение константного значения
c:\users\asuart\source\repos\dendy\dendy\opcodes.h(910): warning C4309: аргумент: усечение константного значения
c:\users\asuart\source\repos\dendy\dendy\opcodes.h(911): warning C4309: аргумент: усечение константного значения
c:\users\asuart\source\repos\dendy\dendy\opcodes.h(912): warning C4309: аргумент: усечение константного значения
c:\users\asuart\source\repos\dendy\dendy\opcodes.h(913): warning C4309: аргумент: усечение константного значения
c:\users\asuart\source\repos\dendy\dendy\opcodes.h(914): warning C4309: аргумент: усечение константного значения
c:\users\asuart\source\repos\dendy\dendy\opcodes.h(915): warning C4309: аргумент: усечение константного значения
c:\users\asuart\source\repos\dendy\dendy\opcodes.h(916): warning C4309: аргумент: усечение константного значения
c:\users\asuart\source\repos\dendy\dendy\opcodes.h(917): warning C4309: аргумент: усечение константного значения
c:\users\asuart\source\repos\dendy\dendy\opcodes.h(918): warning C4309: аргумент: усечение константного значения
c:\users\asuart\source\repos\dendy\dendy\opcodes.h(919): warning C4309: аргумент: усечение константного значения
c:\users\asuart\source\repos\dendy\dendy\opcodes.h(920): warning C4309: аргумент: усечение константного значения
c:\users\asuart\source\repos\dendy\dendy\opcodes.h(921): warning C4309: аргумент: усечение константного значения
c:\users\asuart\source\repos\dendy\dendy\opcodes.h(922): warning C4309: аргумент: усечение константного значения
c:\users\asuart\source\repos\dendy\dendy\opcodes.h(923): warning C4309: аргумент: усечение константного значения
c:\users\asuart\source\repos\dendy\dendy\opcodes.h(929): warning C4309: аргумент: усечение константного значения
c:\users\asuart\source\repos\dendy\dendy\opcodes.h(954): warning C4309: аргумент: усечение константного значения
c:\users\asuart\source\repos\dendy\dendy\opcodes.h(955): warning C4309: аргумент: усечение константного значения
c:\users\asuart\source\repos\dendy\dendy\opcodes.h(956): warning C4309: аргумент: усечение константного значения
c:\users\asuart\source\repos\dendy\dendy\opcodes.h(957): warning C4309: аргумент: усечение константного значения
c:\users\asuart\source\repos\dendy\dendy\opcodes.h(958): warning C4309: аргумент: усечение константного значения
c:\users\asuart\source\repos\dendy\dendy\opcodes.h(959): warning C4309: аргумент: усечение константного значения
c:\users\asuart\source\repos\dendy\dendy\opcodes.h(960): warning C4309: аргумент: усечение константного значения
c:\users\asuart\source\repos\dendy\dendy\opcodes.h(961): warning C4309: аргумент: усечение константного значения
c:\users\asuart\source\repos\dendy\dendy\opcodes.h(963): warning C4309: аргумент: усечение константного значения
c:\users\asuart\source\repos\dendy\dendy\opcodes.h(965): warning C4309: аргумент: усечение константного значения
c:\users\asuart\source\repos\dendy\dendy\opcodes.h(966): warning C4309: аргумент: усечение константного значения
c:\users\asuart\source\repos\dendy\dendy\opcodes.h(967): warning C4309: аргумент: усечение константного значения
c:\users\asuart\source\repos\dendy\dendy\opcodes.h(968): warning C4309: аргумент: усечение константного значения
c:\users\asuart\source\repos\dendy\dendy\opcodes.h(969): warning C4309: аргумент: усечение константного значения
c:\users\asuart\source\repos\dendy\dendy\opcodes.h(970): warning C4309: аргумент: усечение константного значения
c:\users\asuart\source\repos\dendy\dendy\opcodes.h(971): warning C4309: аргумент: усечение константного значения
c:\users\asuart\source\repos\dendy\dendy\opcodes.h(972): warning C4309: аргумент: усечение константного значения
c:\users\asuart\source\repos\dendy\dendy\opcodes.h(973): warning C4309: аргумент: усечение константного значения
c:\users\asuart\source\repos\dendy\dendy\opcodes.h(974): warning C4309: аргумент: усечение константного значения
c:\users\asuart\source\repos\dendy\dendy\opcodes.h(975): warning C4309: аргумент: усечение константного значения
c:\users\asuart\source\repos\dendy\dendy\opcodes.h(976): warning C4309: аргумент: усечение константного значения
c:\users\asuart\source\repos\dendy\dendy\opcodes.h(977): warning C4309: аргумент: усечение константного значения
c:\users\asuart\source\repos\dendy\dendy\opcodes.h(978): warning C4309: аргумент: усечение константного значения
c:\users\asuart\source\repos\dendy\dendy\opcodes.h(979): warning C4309: аргумент: усечение константного значения
c:\users\asuart\source\repos\dendy\dendy\opcodes.h(980): warning C4309: аргумент: усечение константного значения
c:\users\asuart\source\repos\dendy\dendy\opcodes.h(981): warning C4309: аргумент: усечение константного значения
c:\users\asuart\source\repos\dendy\dendy\opcodes.h(982): warning C4309: аргумент: усечение константного значения
c:\users\asuart\source\repos\dendy\dendy\opcodes.h(983): warning C4309: аргумент: усечение константного значения
c:\users\asuart\source\repos\dendy\dendy\ppu.h(196): warning C4309: аргумент: усечение константного значения
c:\users\asuart\source\repos\dendy\dendy\ppu.h(197): warning C4309: аргумент: усечение константного значения
c:\users\asuart\source\repos\dendy\dendy\ppu.h(198): warning C4309: аргумент: усечение константного значения
c:\users\asuart\source\repos\dendy\dendy\ppu.h(199): warning C4309: аргумент: усечение константного значения
c:\users\asuart\source\repos\dendy\dendy\ppu.h(200): warning C4309: аргумент: усечение константного значения
c:\users\asuart\source\repos\dendy\dendy\ppu.h(201): warning C4309: аргумент: усечение константного значения
c:\users\asuart\source\repos\dendy\dendy\ppu.h(209): warning C4309: аргумент: усечение константного значения
c:\users\asuart\source\repos\dendy\dendy\ppu.h(210): warning C4309: аргумент: усечение константного значения
c:\users\asuart\source\repos\dendy\dendy\ppu.h(211): warning C4309: аргумент: усечение константного значения
c:\users\asuart\source\repos\dendy\dendy\ppu.h(212): warning C4309: аргумент: усечение константного значения
c:\users\asuart\source\repos\dendy\dendy\ppu.h(213): warning C4309: аргумент: усечение константного значения
c:\users\asuart\source\repos\dendy\dendy\ppu.h(214): warning C4309: аргумент: усечение константного значения
c:\users\asuart\source\repos\dendy\dendy\ppu.h(215): warning C4309: аргумент: усечение константного значения
c:\users\asuart\source\repos\dendy\dendy\ppu.h(216): warning C4309: аргумент: усечение константного значения
c:\users\asuart\source\repos\dendy\dendy\ppu.h(217): warning C4309: аргумент: усечение константного значения
c:\users\asuart\source\repos\dendy\dendy\ppu.h(218): warning C4309: аргумент: усечение константного значения
c:\users\asuart\source\repos\dendy\dendy\ppu.h(219): warning C4309: аргумент: усечение константного значения
c:\users\asuart\source\repos\dendy\dendy\ppu.h(220): warning C4309: аргумент: усечение константного значения
c:\users\asuart\source\repos\dendy\dendy\ppu.h(221): warning C4309: аргумент: усечение константного значения
c:\users\asuart\source\repos\dendy\dendy\ppu.h(223): warning C4309: аргумент: усечение константного значения
c:\users\asuart\source\repos\dendy\dendy\ppu.h(224): warning C4309: аргумент: усечение константного значения
c:\users\asuart\source\repos\dendy\dendy\ppu.h(225): warning C4309: аргумент: усечение константного значения
c:\users\asuart\source\repos\dendy\dendy\ppu.h(226): warning C4309: аргумент: усечение константного значения
c:\users\asuart\source\repos\dendy\dendy\ppu.h(227): warning C4309: аргумент: усечение константного значения
c:\users\asuart\source\repos\dendy\dendy\ppu.h(228): warning C4309: аргумент: усечение константного значения
c:\users\asuart\source\repos\dendy\dendy\ppu.h(229): warning C4309: аргумент: усечение константного значения
c:\users\asuart\source\repos\dendy\dendy\ppu.h(230): warning C4309: аргумент: усечение константного значения
c:\users\asuart\source\repos\dendy\dendy\ppu.h(231): warning C4309: аргумент: усечение константного значения
c:\users\asuart\source\repos\dendy\dendy\ppu.h(232): warning C4309: аргумент: усечение константного значения
c:\users\asuart\source\repos\dendy\dendy\ppu.h(233): warning C4309: аргумент: усечение константного значения
c:\users\asuart\source\repos\dendy\dendy\ppu.h(234): warning C4309: аргумент: усечение константного значения
c:\users\asuart\source\repos\dendy\dendy\ppu.h(235): warning C4309: аргумент: усечение константного значения
c:\users\asuart\source\repos\dendy\dendy\ppu.h(237): warning C4309: аргумент: усечение константного значения
c:\users\asuart\source\repos\dendy\dendy\ppu.h(238): warning C4309: аргумент: усечение константного значения
c:\users\asuart\source\repos\dendy\dendy\ppu.h(239): warning C4309: аргумент: усечение константного значения
c:\users\asuart\source\repos\dendy\dendy\ppu.h(240): warning C4309: аргумент: усечение константного значения
c:\users\asuart\source\repos\dendy\dendy\ppu.h(241): warning C4309: аргумент: усечение константного значения
c:\users\asuart\source\repos\dendy\dendy\ppu.h(242): warning C4309: аргумент: усечение константного значения
c:\users\asuart\source\repos\dendy\dendy\ppu.h(243): warning C4309: аргумент: усечение константного значения
c:\users\asuart\source\repos\dendy\dendy\ppu.h(244): warning C4309: аргумент: усечение константного значения
c:\users\asuart\source\repos\dendy\dendy\ppu.h(245): warning C4309: аргумент: усечение константного значения
c:\users\asuart\source\repos\dendy\dendy\ppu.h(246): warning C4309: аргумент: усечение константного значения
c:\users\asuart\source\repos\dendy\dendy\ppu.h(247): warning C4309: аргумент: усечение константного значения
c:\users\asuart\source\repos\dendy\dendy\ppu.h(248): warning C4309: аргумент: усечение константного значения
c:\users\asuart\source\repos\dendy\dendy\ppu.h(249): warning C4309: аргумент: усечение константного значения
c:\users\asuart\source\repos\dendy\dendy\ppu.h(263): warning C4309: инициализация: усечение константного значения
c:\program files (x86)\windows kits\10\include\10.0.15063.0\shared\minwindef.h(130): warning C4005: APIENTRY: изменение макроопределения
  e:\visual studio community 2017\vc\include\glfw\glfw3.h(98): note: см. предыдущее определение "APIENTRY"
c:\users\asuart\source\repos\dendy\dendy\main.cpp(152): warning C4101: a: неиспользованная локальная переменная
  Dendy.vcxproj -> C:\Users\Asuart\source\repos\Dendy\Debug\Dendy.exe
  Dendy.vcxproj -> C:\Users\Asuart\source\repos\Dendy\Debug\Dendy.pdb (Partial PDB)
